<?xml version="1.0" encoding="UTF-8"?>
<!-- Generated by org.testng.reporters.JUnitXMLReporter -->
<testsuite ignored="0" hostname="K-MOHON-L1" failures="3" tests="3" name="Login Page Test - Firfox" time="59.43" errors="0" timestamp="28 Dec 2020 12:36:43 GMT">
  <testcase classname="com.konasl.evoting.tests.LoginTest" name="verifyLoginPageTitleTest" time="0.016">
    <failure type="java.lang.AssertionError" message="expected [Login] but found [KONA CHAIN]">
      <![CDATA[java.lang.AssertionError: expected [Login] but found [KONA CHAIN]
at com.konasl.evoting.tests.LoginTest.verifyLoginPageTitleTest(LoginTest.java:19)
at java.base/java.util.concurrent.ThreadPoolExecutor.runWorker(ThreadPoolExecutor.java:1130)
at java.base/java.util.concurrent.ThreadPoolExecutor$Worker.run(ThreadPoolExecutor.java:630)
at java.base/java.lang.Thread.run(Thread.java:832)
... Removed 16 stack frames]]>
    </failure>
  </testcase> <!-- verifyLoginPageTitleTest -->
  <testcase classname="com.konasl.evoting.tests.LoginTest" name="verifyLoginPageHeaderTest" time="0.327">
    <failure type="java.lang.AssertionError" message="expected [Login] but found [로그인]">
      <![CDATA[java.lang.AssertionError: expected [Login] but found [로그인]
at com.konasl.evoting.tests.LoginTest.verifyLoginPageHeaderTest(LoginTest.java:27)
at java.base/java.util.concurrent.ThreadPoolExecutor.runWorker(ThreadPoolExecutor.java:1130)
at java.base/java.util.concurrent.ThreadPoolExecutor$Worker.run(ThreadPoolExecutor.java:630)
at java.base/java.lang.Thread.run(Thread.java:832)
... Removed 16 stack frames]]>
    </failure>
  </testcase> <!-- verifyLoginPageHeaderTest -->
  <testcase classname="com.konasl.evoting.tests.LoginTest" name="doLoginTest" time="0.289">
    <failure type="org.openqa.selenium.ElementClickInterceptedException" message="Element &amp;lt;button id=&amp;quot;login-button&amp;quot; class=&amp;quot;btn-pu translate&amp;quot; type=&amp;quot;button&amp;quot;&amp;gt; is not clickable at point (633,494) because another element &amp;lt;div class=&amp;quot;overlay-loader&amp;quot;&amp;gt; obscures it
Build info: version: &amp;apos;3.14.0&amp;apos;, revision: &amp;apos;aacccce0&amp;apos;, time: &amp;apos;2018-08-02T20:19:58.91Z&amp;apos;
System info: host: &amp;apos;K-MOHON-L1&amp;apos;, ip: &amp;apos;10.88.233.90&amp;apos;, os.name: &amp;apos;Windows 10&amp;apos;, os.arch: &amp;apos;amd64&amp;apos;, os.version: &amp;apos;10.0&amp;apos;, java.version: &amp;apos;14.0.2&amp;apos;
Driver info: org.openqa.selenium.firefox.FirefoxDriver
Capabilities {acceptInsecureCerts: true, browserName: firefox, browserVersion: 84.0.1, javascriptEnabled: true, moz:accessibilityChecks: false, moz:buildID: 20201221152838, moz:geckodriverVersion: 0.28.0, moz:headless: false, moz:processID: 18276, moz:profile: C:\Users\sazzad.mohon\AppDa..., moz:shutdownTimeout: 60000, moz:useNonSpecCompliantPointerOrigin: false, moz:webdriverClick: true, pageLoadStrategy: normal, platform: WINDOWS, platformName: WINDOWS, platformVersion: 10.0, rotatable: false, setWindowRect: true, strictFileInteractability: false, timeouts: {implicit: 0, pageLoad: 300000, script: 30000}, unhandledPromptBehavior: dismiss and notify}
Session ID: 5557e74f-789a-4ca3-9145-14c1f24b24d9">
      <![CDATA[org.openqa.selenium.ElementClickInterceptedException: Element <button id="login-button" class="btn-pu translate" type="button"> is not clickable at point (633,494) because another element <div class="overlay-loader"> obscures it
Build info: version: '3.14.0', revision: 'aacccce0', time: '2018-08-02T20:19:58.91Z'
System info: host: 'K-MOHON-L1', ip: '10.88.233.90', os.name: 'Windows 10', os.arch: 'amd64', os.version: '10.0', java.version: '14.0.2'
Driver info: org.openqa.selenium.firefox.FirefoxDriver
Capabilities {acceptInsecureCerts: true, browserName: firefox, browserVersion: 84.0.1, javascriptEnabled: true, moz:accessibilityChecks: false, moz:buildID: 20201221152838, moz:geckodriverVersion: 0.28.0, moz:headless: false, moz:processID: 18276, moz:profile: C:\Users\sazzad.mohon\AppDa..., moz:shutdownTimeout: 60000, moz:useNonSpecCompliantPointerOrigin: false, moz:webdriverClick: true, pageLoadStrategy: normal, platform: WINDOWS, platformName: WINDOWS, platformVersion: 10.0, rotatable: false, setWindowRect: true, strictFileInteractability: false, timeouts: {implicit: 0, pageLoad: 300000, script: 30000}, unhandledPromptBehavior: dismiss and notify}
Session ID: 5557e74f-789a-4ca3-9145-14c1f24b24d9
at org.openqa.selenium.remote.http.W3CHttpResponseCodec.createException(W3CHttpResponseCodec.java:187)
at org.openqa.selenium.remote.http.W3CHttpResponseCodec.decode(W3CHttpResponseCodec.java:122)
at org.openqa.selenium.remote.http.W3CHttpResponseCodec.decode(W3CHttpResponseCodec.java:49)
at org.openqa.selenium.remote.HttpCommandExecutor.execute(HttpCommandExecutor.java:158)
at org.openqa.selenium.remote.service.DriverCommandExecutor.execute(DriverCommandExecutor.java:83)
at org.openqa.selenium.remote.RemoteWebDriver.execute(RemoteWebDriver.java:548)
at org.openqa.selenium.remote.RemoteWebElement.execute(RemoteWebElement.java:276)
at org.openqa.selenium.remote.RemoteWebElement.click(RemoteWebElement.java:83)
at com.konasl.evoting.pages.LoginPage.doLogin(LoginPage.java:94)
at com.konasl.evoting.tests.LoginTest.doLoginTest(LoginTest.java:33)
at java.base/java.util.concurrent.ThreadPoolExecutor.runWorker(ThreadPoolExecutor.java:1130)
at java.base/java.util.concurrent.ThreadPoolExecutor$Worker.run(ThreadPoolExecutor.java:630)
at java.base/java.lang.Thread.run(Thread.java:832)
... Removed 15 stack frames]]>
    </failure>
  </testcase> <!-- doLoginTest -->
</testsuite> <!-- Login Page Test - Firfox -->
