<?xml version="1.0" encoding="UTF-8"?>
<!-- Generated by org.testng.reporters.JUnitXMLReporter -->
<testsuite ignored="0" hostname="K-MOHON-L1" failures="3" tests="3" name="Login Page Test - chrome" time="65.531" errors="0" timestamp="28 Dec 2020 12:36:49 GMT">
  <testcase classname="com.konasl.evoting.tests.LoginTest" name="verifyLoginPageTitleTest" time="0.027">
    <failure type="java.lang.AssertionError" message="expected [Login] but found [KONA CHAIN]">
      <![CDATA[java.lang.AssertionError: expected [Login] but found [KONA CHAIN]
at com.konasl.evoting.tests.LoginTest.verifyLoginPageTitleTest(LoginTest.java:19)
at java.base/java.util.concurrent.ThreadPoolExecutor.runWorker(ThreadPoolExecutor.java:1130)
at java.base/java.util.concurrent.ThreadPoolExecutor$Worker.run(ThreadPoolExecutor.java:630)
at java.base/java.lang.Thread.run(Thread.java:832)
... Removed 16 stack frames]]>
    </failure>
  </testcase> <!-- verifyLoginPageTitleTest -->
  <testcase classname="com.konasl.evoting.tests.LoginTest" name="verifyLoginPageHeaderTest" time="0.052">
    <failure type="java.lang.AssertionError" message="expected [Login] but found [로그인]">
      <![CDATA[java.lang.AssertionError: expected [Login] but found [로그인]
at com.konasl.evoting.tests.LoginTest.verifyLoginPageHeaderTest(LoginTest.java:27)
at java.base/java.util.concurrent.ThreadPoolExecutor.runWorker(ThreadPoolExecutor.java:1130)
at java.base/java.util.concurrent.ThreadPoolExecutor$Worker.run(ThreadPoolExecutor.java:630)
at java.base/java.lang.Thread.run(Thread.java:832)
... Removed 16 stack frames]]>
    </failure>
  </testcase> <!-- verifyLoginPageHeaderTest -->
  <testcase classname="com.konasl.evoting.tests.LoginTest" name="doLoginTest" time="30.964">
    <failure type="java.lang.NullPointerException" message="Cannot invoke &amp;quot;org.openqa.selenium.WebElement.getText()&amp;quot; because the return value of &amp;quot;com.konasl.evoting.pages.BasePage.getElementBy(org.openqa.selenium.By)&amp;quot; is null">
      <![CDATA[java.lang.NullPointerException: Cannot invoke "org.openqa.selenium.WebElement.getText()" because the return value of "com.konasl.evoting.pages.BasePage.getElementBy(org.openqa.selenium.By)" is null
at com.konasl.evoting.pages.BasePage.getPageHeader(BasePage.java:21)
at com.konasl.evoting.pages.HomePage.getHomePageHeader(HomePage.java:34)
at com.konasl.evoting.tests.LoginTest.doLoginTest(LoginTest.java:34)
at java.base/java.util.concurrent.ThreadPoolExecutor.runWorker(ThreadPoolExecutor.java:1130)
at java.base/java.util.concurrent.ThreadPoolExecutor$Worker.run(ThreadPoolExecutor.java:630)
at java.base/java.lang.Thread.run(Thread.java:832)
... Removed 10 stack frames]]>
    </failure>
  </testcase> <!-- doLoginTest -->
</testsuite> <!-- Login Page Test - chrome -->
